<?xml version="1.0" encoding="UTF-8"?>
<!-- Generated by org.testng.reporters.JUnitReportReporter -->
<testsuite hostname="DESKTOP-ILOVP9M" failures="0" tests="3" name="com_entrata_testscript.EntrataAutomation" time="40.524" errors="0" timestamp="2024-02-20T10:58:53 IST" skipped="0">
  <testcase classname="com_entrata_testscript.EntrataAutomation" name="TC_01" time="14.132"/>
  <testcase classname="com_entrata_testscript.EntrataAutomation" name="TC_03" time="11.866"/>
  <testcase classname="com_entrata_testscript.EntrataAutomation" name="TC_02" time="14.526"/>
  <system-out>
    <![CDATA[opening the browser
closing the browser]]>
  </system-out>
</testsuite> <!-- com_entrata_testscript.EntrataAutomation -->
